<?xml version="1.0" encoding="UTF-8"?>
<testsuite xmlns:xsi="http://www.w3.org/2001/XMLSchema-instance" xsi:noNamespaceSchemaLocation="https://maven.apache.org/surefire/maven-surefire-plugin/xsd/surefire-test-report-3.0.xsd" version="3.0" name="TestSuite" time="32.254" tests="2" errors="0" skipped="0" failures="1">
  <properties>
    <property name="sun.desktop" value="windows"/>
    <property name="awt.toolkit" value="sun.awt.windows.WToolkit"/>
    <property name="file.encoding.pkg" value="sun.io"/>
    <property name="java.specification.version" value="1.8"/>
    <property name="webdriver.chrome.driver" value="C:\Users\admin\.m2\repository\webdriver\chromedriver\win32\83.0.4103.39\chromedriver.exe"/>
    <property name="sun.cpu.isalist" value="pentium_pro+mmx pentium_pro pentium+mmx pentium i486 i386 i86"/>
    <property name="sun.jnu.encoding" value="Cp1252"/>
    <property name="java.class.path" value="D:\TestProject_1\TestProject_1\target\test-classes;D:\TestProject_1\TestProject_1\target\classes;D:\apache-maven-3.6.3-bin\apache-maven-3.6.3\repository\org\seleniumhq\selenium\selenium-server\3.5.3\selenium-server-3.5.3.jar;D:\apache-maven-3.6.3-bin\apache-maven-3.6.3\repository\org\seleniumhq\selenium\selenium-java\3.5.3\selenium-java-3.5.3.jar;D:\apache-maven-3.6.3-bin\apache-maven-3.6.3\repository\org\seleniumhq\selenium\selenium-api\3.5.3\selenium-api-3.5.3.jar;D:\apache-maven-3.6.3-bin\apache-maven-3.6.3\repository\org\seleniumhq\selenium\selenium-chrome-driver\3.5.3\selenium-chrome-driver-3.5.3.jar;D:\apache-maven-3.6.3-bin\apache-maven-3.6.3\repository\org\seleniumhq\selenium\selenium-edge-driver\3.5.3\selenium-edge-driver-3.5.3.jar;D:\apache-maven-3.6.3-bin\apache-maven-3.6.3\repository\org\seleniumhq\selenium\selenium-firefox-driver\3.5.3\selenium-firefox-driver-3.5.3.jar;D:\apache-maven-3.6.3-bin\apache-maven-3.6.3\repository\org\seleniumhq\selenium\selenium-ie-driver\3.5.3\selenium-ie-driver-3.5.3.jar;D:\apache-maven-3.6.3-bin\apache-maven-3.6.3\repository\org\seleniumhq\selenium\selenium-opera-driver\3.5.3\selenium-opera-driver-3.5.3.jar;D:\apache-maven-3.6.3-bin\apache-maven-3.6.3\repository\org\seleniumhq\selenium\selenium-remote-driver\3.5.3\selenium-remote-driver-3.5.3.jar;D:\apache-maven-3.6.3-bin\apache-maven-3.6.3\repository\org\seleniumhq\selenium\selenium-safari-driver\3.5.3\selenium-safari-driver-3.5.3.jar;D:\apache-maven-3.6.3-bin\apache-maven-3.6.3\repository\org\seleniumhq\selenium\selenium-support\3.5.3\selenium-support-3.5.3.jar;D:\apache-maven-3.6.3-bin\apache-maven-3.6.3\repository\com\beust\jcommander\1.48\jcommander-1.48.jar;D:\apache-maven-3.6.3-bin\apache-maven-3.6.3\repository\cglib\cglib-nodep\3.2.4\cglib-nodep-3.2.4.jar;D:\apache-maven-3.6.3-bin\apache-maven-3.6.3\repository\org\apache\commons\commons-exec\1.3\commons-exec-1.3.jar;D:\apache-maven-3.6.3-bin\apache-maven-3.6.3\repository\org\apache\commons\commons-lang3\3.5\commons-lang3-3.5.jar;D:\apache-maven-3.6.3-bin\apache-maven-3.6.3\repository\commons-codec\commons-codec\1.10\commons-codec-1.10.jar;D:\apache-maven-3.6.3-bin\apache-maven-3.6.3\repository\commons-io\commons-io\2.5\commons-io-2.5.jar;D:\apache-maven-3.6.3-bin\apache-maven-3.6.3\repository\commons-logging\commons-logging\1.2\commons-logging-1.2.jar;D:\apache-maven-3.6.3-bin\apache-maven-3.6.3\repository\org\w3c\css\sac\1.3\sac-1.3.jar;D:\apache-maven-3.6.3-bin\apache-maven-3.6.3\repository\net\sourceforge\cssparser\cssparser\0.9.23\cssparser-0.9.23.jar;D:\apache-maven-3.6.3-bin\apache-maven-3.6.3\repository\com\google\code\gson\gson\2.8.0\gson-2.8.0.jar;D:\apache-maven-3.6.3-bin\apache-maven-3.6.3\repository\com\google\guava\guava\23.0\guava-23.0.jar;D:\apache-maven-3.6.3-bin\apache-maven-3.6.3\repository\com\google\code\findbugs\jsr305\1.3.9\jsr305-1.3.9.jar;D:\apache-maven-3.6.3-bin\apache-maven-3.6.3\repository\com\google\errorprone\error_prone_annotations\2.0.18\error_prone_annotations-2.0.18.jar;D:\apache-maven-3.6.3-bin\apache-maven-3.6.3\repository\com\google\j2objc\j2objc-annotations\1.1\j2objc-annotations-1.1.jar;D:\apache-maven-3.6.3-bin\apache-maven-3.6.3\repository\org\codehaus\mojo\animal-sniffer-annotations\1.14\animal-sniffer-annotations-1.14.jar;D:\apache-maven-3.6.3-bin\apache-maven-3.6.3\repository\org\hamcrest\hamcrest-core\1.3\hamcrest-core-1.3.jar;D:\apache-maven-3.6.3-bin\apache-maven-3.6.3\repository\net\sourceforge\htmlunit\htmlunit\2.27\htmlunit-2.27.jar;D:\apache-maven-3.6.3-bin\apache-maven-3.6.3\repository\net\sourceforge\htmlunit\htmlunit-core-js\2.27\htmlunit-core-js-2.27.jar;D:\apache-maven-3.6.3-bin\apache-maven-3.6.3\repository\net\sourceforge\htmlunit\neko-htmlunit\2.27\neko-htmlunit-2.27.jar;D:\apache-maven-3.6.3-bin\apache-maven-3.6.3\repository\org\apache\httpcomponents\httpclient\4.5.3\httpclient-4.5.3.jar;D:\apache-maven-3.6.3-bin\apache-maven-3.6.3\repository\org\apache\httpcomponents\httpcore\4.4.6\httpcore-4.4.6.jar;D:\apache-maven-3.6.3-bin\apache-maven-3.6.3\repository\org\apache\httpcomponents\httpmime\4.5.3\httpmime-4.5.3.jar;D:\apache-maven-3.6.3-bin\apache-maven-3.6.3\repository\net\jcip\jcip-annotations\1.0\jcip-annotations-1.0.jar;D:\apache-maven-3.6.3-bin\apache-maven-3.6.3\repository\org\seleniumhq\selenium\jetty-repacked\9.4.5.v20170502\jetty-repacked-9.4.5.v20170502.jar;D:\apache-maven-3.6.3-bin\apache-maven-3.6.3\repository\org\eclipse\jetty\jetty-client\9.4.5.v20170502\jetty-client-9.4.5.v20170502.jar;D:\apache-maven-3.6.3-bin\apache-maven-3.6.3\repository\org\eclipse\jetty\jetty-http\9.4.5.v20170502\jetty-http-9.4.5.v20170502.jar;D:\apache-maven-3.6.3-bin\apache-maven-3.6.3\repository\org\eclipse\jetty\jetty-io\9.4.5.v20170502\jetty-io-9.4.5.v20170502.jar;D:\apache-maven-3.6.3-bin\apache-maven-3.6.3\repository\org\eclipse\jetty\jetty-util\9.4.5.v20170502\jetty-util-9.4.5.v20170502.jar;D:\apache-maven-3.6.3-bin\apache-maven-3.6.3\repository\net\java\dev\jna\jna\4.1.0\jna-4.1.0.jar;D:\apache-maven-3.6.3-bin\apache-maven-3.6.3\repository\net\java\dev\jna\jna-platform\4.1.0\jna-platform-4.1.0.jar;D:\apache-maven-3.6.3-bin\apache-maven-3.6.3\repository\com\codeborne\phantomjsdriver\1.4.0\phantomjsdriver-1.4.0.jar;D:\apache-maven-3.6.3-bin\apache-maven-3.6.3\repository\org\seleniumhq\selenium\htmlunit-driver\2.27\htmlunit-driver-2.27.jar;D:\apache-maven-3.6.3-bin\apache-maven-3.6.3\repository\javax\servlet\javax.servlet-api\3.1.0\javax.servlet-api-3.1.0.jar;D:\apache-maven-3.6.3-bin\apache-maven-3.6.3\repository\org\eclipse\jetty\websocket\websocket-api\9.4.5.v20170502\websocket-api-9.4.5.v20170502.jar;D:\apache-maven-3.6.3-bin\apache-maven-3.6.3\repository\org\eclipse\jetty\websocket\websocket-client\9.4.5.v20170502\websocket-client-9.4.5.v20170502.jar;D:\apache-maven-3.6.3-bin\apache-maven-3.6.3\repository\org\eclipse\jetty\websocket\websocket-common\9.4.5.v20170502\websocket-common-9.4.5.v20170502.jar;D:\apache-maven-3.6.3-bin\apache-maven-3.6.3\repository\xalan\serializer\2.7.2\serializer-2.7.2.jar;D:\apache-maven-3.6.3-bin\apache-maven-3.6.3\repository\xalan\xalan\2.7.2\xalan-2.7.2.jar;D:\apache-maven-3.6.3-bin\apache-maven-3.6.3\repository\xerces\xercesImpl\2.11.0\xercesImpl-2.11.0.jar;D:\apache-maven-3.6.3-bin\apache-maven-3.6.3\repository\xml-apis\xml-apis\1.4.01\xml-apis-1.4.01.jar;D:\apache-maven-3.6.3-bin\apache-maven-3.6.3\repository\org\yaml\snakeyaml\1.15\snakeyaml-1.15.jar;D:\apache-maven-3.6.3-bin\apache-maven-3.6.3\repository\io\qameta\allure\allure-maven\2.8\allure-maven-2.8.jar;D:\apache-maven-3.6.3-bin\apache-maven-3.6.3\repository\org\slf4j\slf4j-api\1.7.25\slf4j-api-1.7.25.jar;D:\apache-maven-3.6.3-bin\apache-maven-3.6.3\repository\org\apache\maven\maven-core\3.3.9\maven-core-3.3.9.jar;D:\apache-maven-3.6.3-bin\apache-maven-3.6.3\repository\org\apache\maven\maven-model\3.3.9\maven-model-3.3.9.jar;D:\apache-maven-3.6.3-bin\apache-maven-3.6.3\repository\org\apache\maven\maven-settings\3.3.9\maven-settings-3.3.9.jar;D:\apache-maven-3.6.3-bin\apache-maven-3.6.3\repository\org\apache\maven\maven-settings-builder\3.3.9\maven-settings-builder-3.3.9.jar;D:\apache-maven-3.6.3-bin\apache-maven-3.6.3\repository\org\apache\maven\maven-builder-support\3.3.9\maven-builder-support-3.3.9.jar;D:\apache-maven-3.6.3-bin\apache-maven-3.6.3\repository\org\apache\maven\maven-repository-metadata\3.3.9\maven-repository-metadata-3.3.9.jar;D:\apache-maven-3.6.3-bin\apache-maven-3.6.3\repository\org\apache\maven\maven-artifact\3.3.9\maven-artifact-3.3.9.jar;D:\apache-maven-3.6.3-bin\apache-maven-3.6.3\repository\org\apache\maven\maven-plugin-api\3.3.9\maven-plugin-api-3.3.9.jar;D:\apache-maven-3.6.3-bin\apache-maven-3.6.3\repository\org\apache\maven\maven-model-builder\3.3.9\maven-model-builder-3.3.9.jar;D:\apache-maven-3.6.3-bin\apache-maven-3.6.3\repository\org\apache\maven\maven-aether-provider\3.3.9\maven-aether-provider-3.3.9.jar;D:\apache-maven-3.6.3-bin\apache-maven-3.6.3\repository\org\eclipse\aether\aether-spi\1.0.2.v20150114\aether-spi-1.0.2.v20150114.jar;D:\apache-maven-3.6.3-bin\apache-maven-3.6.3\repository\org\eclipse\aether\aether-impl\1.0.2.v20150114\aether-impl-1.0.2.v20150114.jar;D:\apache-maven-3.6.3-bin\apache-maven-3.6.3\repository\org\eclipse\aether\aether-api\1.0.2.v20150114\aether-api-1.0.2.v20150114.jar;D:\apache-maven-3.6.3-bin\apache-maven-3.6.3\repository\org\eclipse\aether\aether-util\1.0.2.v20150114\aether-util-1.0.2.v20150114.jar;D:\apache-maven-3.6.3-bin\apache-maven-3.6.3\repository\org\eclipse\sisu\org.eclipse.sisu.plexus\0.3.2\org.eclipse.sisu.plexus-0.3.2.jar;D:\apache-maven-3.6.3-bin\apache-maven-3.6.3\repository\javax\enterprise\cdi-api\1.0\cdi-api-1.0.jar;D:\apache-maven-3.6.3-bin\apache-maven-3.6.3\repository\javax\annotation\jsr250-api\1.0\jsr250-api-1.0.jar;D:\apache-maven-3.6.3-bin\apache-maven-3.6.3\repository\org\eclipse\sisu\org.eclipse.sisu.inject\0.3.2\org.eclipse.sisu.inject-0.3.2.jar;D:\apache-maven-3.6.3-bin\apache-maven-3.6.3\repository\com\google\inject\guice\4.0\guice-4.0-no_aop.jar;D:\apache-maven-3.6.3-bin\apache-maven-3.6.3\repository\javax\inject\javax.inject\1\javax.inject-1.jar;D:\apache-maven-3.6.3-bin\apache-maven-3.6.3\repository\aopalliance\aopalliance\1.0\aopalliance-1.0.jar;D:\apache-maven-3.6.3-bin\apache-maven-3.6.3\repository\org\codehaus\plexus\plexus-interpolation\1.21\plexus-interpolation-1.21.jar;D:\apache-maven-3.6.3-bin\apache-maven-3.6.3\repository\org\codehaus\plexus\plexus-utils\3.0.22\plexus-utils-3.0.22.jar;D:\apache-maven-3.6.3-bin\apache-maven-3.6.3\repository\org\codehaus\plexus\plexus-classworlds\2.5.2\plexus-classworlds-2.5.2.jar;D:\apache-maven-3.6.3-bin\apache-maven-3.6.3\repository\org\codehaus\plexus\plexus-component-annotations\1.6\plexus-component-annotations-1.6.jar;D:\apache-maven-3.6.3-bin\apache-maven-3.6.3\repository\org\sonatype\plexus\plexus-sec-dispatcher\1.3\plexus-sec-dispatcher-1.3.jar;D:\apache-maven-3.6.3-bin\apache-maven-3.6.3\repository\org\sonatype\plexus\plexus-cipher\1.4\plexus-cipher-1.4.jar;D:\apache-maven-3.6.3-bin\apache-maven-3.6.3\repository\org\apache\maven\reporting\maven-reporting-impl\2.4\maven-reporting-impl-2.4.jar;D:\apache-maven-3.6.3-bin\apache-maven-3.6.3\repository\org\apache\maven\reporting\maven-reporting-api\3.0\maven-reporting-api-3.0.jar;D:\apache-maven-3.6.3-bin\apache-maven-3.6.3\repository\org\apache\maven\maven-project\2.2.1\maven-project-2.2.1.jar;D:\apache-maven-3.6.3-bin\apache-maven-3.6.3\repository\org\apache\maven\maven-profile\2.2.1\maven-profile-2.2.1.jar;D:\apache-maven-3.6.3-bin\apache-maven-3.6.3\repository\org\apache\maven\maven-artifact-manager\2.2.1\maven-artifact-manager-2.2.1.jar;D:\apache-maven-3.6.3-bin\apache-maven-3.6.3\repository\backport-util-concurrent\backport-util-concurrent\3.1\backport-util-concurrent-3.1.jar;D:\apache-maven-3.6.3-bin\apache-maven-3.6.3\repository\org\apache\maven\maven-plugin-registry\2.2.1\maven-plugin-registry-2.2.1.jar;D:\apache-maven-3.6.3-bin\apache-maven-3.6.3\repository\org\codehaus\plexus\plexus-container-default\1.0-alpha-9-stable-1\plexus-container-default-1.0-alpha-9-stable-1.jar;D:\apache-maven-3.6.3-bin\apache-maven-3.6.3\repository\classworlds\classworlds\1.1-alpha-2\classworlds-1.1-alpha-2.jar;D:\apache-maven-3.6.3-bin\apache-maven-3.6.3\repository\org\apache\maven\shared\maven-shared-utils\0.6\maven-shared-utils-0.6.jar;D:\apache-maven-3.6.3-bin\apache-maven-3.6.3\repository\org\apache\maven\doxia\doxia-sink-api\1.6\doxia-sink-api-1.6.jar;D:\apache-maven-3.6.3-bin\apache-maven-3.6.3\repository\org\apache\maven\doxia\doxia-logging-api\1.6\doxia-logging-api-1.6.jar;D:\apache-maven-3.6.3-bin\apache-maven-3.6.3\repository\org\apache\maven\doxia\doxia-core\1.6\doxia-core-1.6.jar;D:\apache-maven-3.6.3-bin\apache-maven-3.6.3\repository\commons-lang\commons-lang\2.4\commons-lang-2.4.jar;D:\apache-maven-3.6.3-bin\apache-maven-3.6.3\repository\xmlunit\xmlunit\1.5\xmlunit-1.5.jar;D:\apache-maven-3.6.3-bin\apache-maven-3.6.3\repository\org\apache\maven\doxia\doxia-site-renderer\1.6\doxia-site-renderer-1.6.jar;D:\apache-maven-3.6.3-bin\apache-maven-3.6.3\repository\org\apache\maven\doxia\doxia-decoration-model\1.6\doxia-decoration-model-1.6.jar;D:\apache-maven-3.6.3-bin\apache-maven-3.6.3\repository\org\apache\maven\doxia\doxia-module-xhtml\1.6\doxia-module-xhtml-1.6.jar;D:\apache-maven-3.6.3-bin\apache-maven-3.6.3\repository\org\apache\maven\doxia\doxia-module-fml\1.6\doxia-module-fml-1.6.jar;D:\apache-maven-3.6.3-bin\apache-maven-3.6.3\repository\org\codehaus\plexus\plexus-i18n\1.0-beta-7\plexus-i18n-1.0-beta-7.jar;D:\apache-maven-3.6.3-bin\apache-maven-3.6.3\repository\org\codehaus\plexus\plexus-velocity\1.1.7\plexus-velocity-1.1.7.jar;D:\apache-maven-3.6.3-bin\apache-maven-3.6.3\repository\org\apache\velocity\velocity-tools\2.0\velocity-tools-2.0.jar;D:\apache-maven-3.6.3-bin\apache-maven-3.6.3\repository\commons-chain\commons-chain\1.1\commons-chain-1.1.jar;D:\apache-maven-3.6.3-bin\apache-maven-3.6.3\repository\dom4j\dom4j\1.1\dom4j-1.1.jar;D:\apache-maven-3.6.3-bin\apache-maven-3.6.3\repository\sslext\sslext\1.2-0\sslext-1.2-0.jar;D:\apache-maven-3.6.3-bin\apache-maven-3.6.3\repository\org\apache\struts\struts-core\1.3.8\struts-core-1.3.8.jar;D:\apache-maven-3.6.3-bin\apache-maven-3.6.3\repository\antlr\antlr\2.7.2\antlr-2.7.2.jar;D:\apache-maven-3.6.3-bin\apache-maven-3.6.3\repository\org\apache\struts\struts-taglib\1.3.8\struts-taglib-1.3.8.jar;D:\apache-maven-3.6.3-bin\apache-maven-3.6.3\repository\org\apache\struts\struts-tiles\1.3.8\struts-tiles-1.3.8.jar;D:\apache-maven-3.6.3-bin\apache-maven-3.6.3\repository\commons-validator\commons-validator\1.4.1\commons-validator-1.4.1.jar;D:\apache-maven-3.6.3-bin\apache-maven-3.6.3\repository\commons-digester\commons-digester\1.8.1\commons-digester-1.8.1.jar;D:\apache-maven-3.6.3-bin\apache-maven-3.6.3\repository\commons-beanutils\commons-beanutils\1.9.3\commons-beanutils-1.9.3.jar;D:\apache-maven-3.6.3-bin\apache-maven-3.6.3\repository\commons-collections\commons-collections\3.2.2\commons-collections-3.2.2.jar;D:\apache-maven-3.6.3-bin\apache-maven-3.6.3\repository\net\lingala\zip4j\zip4j\1.3.2\zip4j-1.3.2.jar;D:\apache-maven-3.6.3-bin\apache-maven-3.6.3\repository\org\apache\maven\plugin-tools\maven-plugin-annotations\3.2\maven-plugin-annotations-3.2.jar;D:\apache-maven-3.6.3-bin\apache-maven-3.6.3\repository\org\apache\maven\plugins\maven-jxr-plugin\2.5\maven-jxr-plugin-2.5.jar;D:\apache-maven-3.6.3-bin\apache-maven-3.6.3\repository\org\apache\velocity\velocity\1.5\velocity-1.5.jar;D:\apache-maven-3.6.3-bin\apache-maven-3.6.3\repository\oro\oro\2.0.8\oro-2.0.8.jar;D:\apache-maven-3.6.3-bin\apache-maven-3.6.3\repository\org\apache\maven\maven-jxr\2.5\maven-jxr-2.5.jar;D:\apache-maven-3.6.3-bin\apache-maven-3.6.3\repository\org\apache\maven\wagon\wagon-provider-api\1.0\wagon-provider-api-1.0.jar;D:\apache-maven-3.6.3-bin\apache-maven-3.6.3\repository\io\qameta\allure\allure-testng\2.12.0\allure-testng-2.12.0.jar;D:\apache-maven-3.6.3-bin\apache-maven-3.6.3\repository\io\qameta\allure\allure-java-commons\2.12.0\allure-java-commons-2.12.0.jar;D:\apache-maven-3.6.3-bin\apache-maven-3.6.3\repository\io\qameta\allure\allure-model\2.12.0\allure-model-2.12.0.jar;D:\apache-maven-3.6.3-bin\apache-maven-3.6.3\repository\com\fasterxml\jackson\core\jackson-databind\2.9.8\jackson-databind-2.9.8.jar;D:\apache-maven-3.6.3-bin\apache-maven-3.6.3\repository\com\fasterxml\jackson\core\jackson-annotations\2.9.0\jackson-annotations-2.9.0.jar;D:\apache-maven-3.6.3-bin\apache-maven-3.6.3\repository\com\fasterxml\jackson\core\jackson-core\2.9.8\jackson-core-2.9.8.jar;D:\apache-maven-3.6.3-bin\apache-maven-3.6.3\repository\org\apache\tika\tika-core\1.20\tika-core-1.20.jar;D:\apache-maven-3.6.3-bin\apache-maven-3.6.3\repository\org\jooq\joor-java-8\0.9.10\joor-java-8-0.9.10.jar;D:\apache-maven-3.6.3-bin\apache-maven-3.6.3\repository\javax\validation\validation-api\1.1.0.Final\validation-api-1.1.0.Final.jar;D:\apache-maven-3.6.3-bin\apache-maven-3.6.3\repository\io\github\bonigarcia\webdrivermanager\3.7.1\webdrivermanager-3.7.1.jar;D:\apache-maven-3.6.3-bin\apache-maven-3.6.3\repository\org\rauschig\jarchivelib\1.0.0\jarchivelib-1.0.0.jar;D:\apache-maven-3.6.3-bin\apache-maven-3.6.3\repository\org\apache\commons\commons-compress\1.18\commons-compress-1.18.jar;D:\apache-maven-3.6.3-bin\apache-maven-3.6.3\repository\org\jsoup\jsoup\1.11.3\jsoup-1.11.3.jar;D:\apache-maven-3.6.3-bin\apache-maven-3.6.3\repository\io\qameta\allure\allure-cucumber4-jvm\2.13.2\allure-cucumber4-jvm-2.13.2.jar;D:\apache-maven-3.6.3-bin\apache-maven-3.6.3\repository\io\cucumber\cucumber-core\4.7.2\cucumber-core-4.7.2.jar;D:\apache-maven-3.6.3-bin\apache-maven-3.6.3\repository\io\cucumber\gherkin\5.1.0\gherkin-5.1.0.jar;D:\apache-maven-3.6.3-bin\apache-maven-3.6.3\repository\io\cucumber\tag-expressions\1.1.1\tag-expressions-1.1.1.jar;D:\apache-maven-3.6.3-bin\apache-maven-3.6.3\repository\io\cucumber\cucumber-expressions\7.0.2\cucumber-expressions-7.0.2.jar;D:\apache-maven-3.6.3-bin\apache-maven-3.6.3\repository\io\cucumber\datatable\1.1.14\datatable-1.1.14.jar;D:\apache-maven-3.6.3-bin\apache-maven-3.6.3\repository\io\cucumber\datatable-dependencies\1.1.14\datatable-dependencies-1.1.14.jar;D:\apache-maven-3.6.3-bin\apache-maven-3.6.3\repository\org\apiguardian\apiguardian-api\1.1.0\apiguardian-api-1.1.0.jar;D:\apache-maven-3.6.3-bin\apache-maven-3.6.3\repository\io\cucumber\cucumber-java\4.7.2\cucumber-java-4.7.2.jar;D:\apache-maven-3.6.3-bin\apache-maven-3.6.3\repository\org\testng\testng\6.14.3\testng-6.14.3.jar;D:\apache-maven-3.6.3-bin\apache-maven-3.6.3\repository\org\apache-extras\beanshell\bsh\2.0b6\bsh-2.0b6.jar;D:\apache-maven-3.6.3-bin\apache-maven-3.6.3\repository\junit\junit\3.8.1\junit-3.8.1.jar;"/>
    <property name="java.vm.vendor" value="Oracle Corporation"/>
    <property name="sun.arch.data.model" value="32"/>
    <property name="user.variant" value=""/>
    <property name="java.vendor.url" value="http://java.oracle.com/"/>
    <property name="user.timezone" value="Asia/Calcutta"/>
    <property name="java.vm.specification.version" value="1.8"/>
    <property name="os.name" value="Windows 7"/>
    <property name="webdriver.chrome.silentOutput" value="true"/>
    <property name="user.country" value="US"/>
    <property name="sun.java.launcher" value="SUN_STANDARD"/>
    <property name="sun.boot.library.path" value="C:\Program Files\Java\jdk1.8.0_251\jre\bin"/>
    <property name="sun.java.command" value="C:\Users\admin\AppData\Local\Temp\surefire5058281303715086129\surefirebooter3541925132240863331.jar C:\Users\admin\AppData\Local\Temp\surefire5058281303715086129 2020-06-05T14-36-59_880-jvmRun1 surefire8343286479881364414tmp surefire_03482121132167166266tmp"/>
    <property name="surefire.test.class.path" value="D:\TestProject_1\TestProject_1\target\test-classes;D:\TestProject_1\TestProject_1\target\classes;D:\apache-maven-3.6.3-bin\apache-maven-3.6.3\repository\org\seleniumhq\selenium\selenium-server\3.5.3\selenium-server-3.5.3.jar;D:\apache-maven-3.6.3-bin\apache-maven-3.6.3\repository\org\seleniumhq\selenium\selenium-java\3.5.3\selenium-java-3.5.3.jar;D:\apache-maven-3.6.3-bin\apache-maven-3.6.3\repository\org\seleniumhq\selenium\selenium-api\3.5.3\selenium-api-3.5.3.jar;D:\apache-maven-3.6.3-bin\apache-maven-3.6.3\repository\org\seleniumhq\selenium\selenium-chrome-driver\3.5.3\selenium-chrome-driver-3.5.3.jar;D:\apache-maven-3.6.3-bin\apache-maven-3.6.3\repository\org\seleniumhq\selenium\selenium-edge-driver\3.5.3\selenium-edge-driver-3.5.3.jar;D:\apache-maven-3.6.3-bin\apache-maven-3.6.3\repository\org\seleniumhq\selenium\selenium-firefox-driver\3.5.3\selenium-firefox-driver-3.5.3.jar;D:\apache-maven-3.6.3-bin\apache-maven-3.6.3\repository\org\seleniumhq\selenium\selenium-ie-driver\3.5.3\selenium-ie-driver-3.5.3.jar;D:\apache-maven-3.6.3-bin\apache-maven-3.6.3\repository\org\seleniumhq\selenium\selenium-opera-driver\3.5.3\selenium-opera-driver-3.5.3.jar;D:\apache-maven-3.6.3-bin\apache-maven-3.6.3\repository\org\seleniumhq\selenium\selenium-remote-driver\3.5.3\selenium-remote-driver-3.5.3.jar;D:\apache-maven-3.6.3-bin\apache-maven-3.6.3\repository\org\seleniumhq\selenium\selenium-safari-driver\3.5.3\selenium-safari-driver-3.5.3.jar;D:\apache-maven-3.6.3-bin\apache-maven-3.6.3\repository\org\seleniumhq\selenium\selenium-support\3.5.3\selenium-support-3.5.3.jar;D:\apache-maven-3.6.3-bin\apache-maven-3.6.3\repository\com\beust\jcommander\1.48\jcommander-1.48.jar;D:\apache-maven-3.6.3-bin\apache-maven-3.6.3\repository\cglib\cglib-nodep\3.2.4\cglib-nodep-3.2.4.jar;D:\apache-maven-3.6.3-bin\apache-maven-3.6.3\repository\org\apache\commons\commons-exec\1.3\commons-exec-1.3.jar;D:\apache-maven-3.6.3-bin\apache-maven-3.6.3\repository\org\apache\commons\commons-lang3\3.5\commons-lang3-3.5.jar;D:\apache-maven-3.6.3-bin\apache-maven-3.6.3\repository\commons-codec\commons-codec\1.10\commons-codec-1.10.jar;D:\apache-maven-3.6.3-bin\apache-maven-3.6.3\repository\commons-io\commons-io\2.5\commons-io-2.5.jar;D:\apache-maven-3.6.3-bin\apache-maven-3.6.3\repository\commons-logging\commons-logging\1.2\commons-logging-1.2.jar;D:\apache-maven-3.6.3-bin\apache-maven-3.6.3\repository\org\w3c\css\sac\1.3\sac-1.3.jar;D:\apache-maven-3.6.3-bin\apache-maven-3.6.3\repository\net\sourceforge\cssparser\cssparser\0.9.23\cssparser-0.9.23.jar;D:\apache-maven-3.6.3-bin\apache-maven-3.6.3\repository\com\google\code\gson\gson\2.8.0\gson-2.8.0.jar;D:\apache-maven-3.6.3-bin\apache-maven-3.6.3\repository\com\google\guava\guava\23.0\guava-23.0.jar;D:\apache-maven-3.6.3-bin\apache-maven-3.6.3\repository\com\google\code\findbugs\jsr305\1.3.9\jsr305-1.3.9.jar;D:\apache-maven-3.6.3-bin\apache-maven-3.6.3\repository\com\google\errorprone\error_prone_annotations\2.0.18\error_prone_annotations-2.0.18.jar;D:\apache-maven-3.6.3-bin\apache-maven-3.6.3\repository\com\google\j2objc\j2objc-annotations\1.1\j2objc-annotations-1.1.jar;D:\apache-maven-3.6.3-bin\apache-maven-3.6.3\repository\org\codehaus\mojo\animal-sniffer-annotations\1.14\animal-sniffer-annotations-1.14.jar;D:\apache-maven-3.6.3-bin\apache-maven-3.6.3\repository\org\hamcrest\hamcrest-core\1.3\hamcrest-core-1.3.jar;D:\apache-maven-3.6.3-bin\apache-maven-3.6.3\repository\net\sourceforge\htmlunit\htmlunit\2.27\htmlunit-2.27.jar;D:\apache-maven-3.6.3-bin\apache-maven-3.6.3\repository\net\sourceforge\htmlunit\htmlunit-core-js\2.27\htmlunit-core-js-2.27.jar;D:\apache-maven-3.6.3-bin\apache-maven-3.6.3\repository\net\sourceforge\htmlunit\neko-htmlunit\2.27\neko-htmlunit-2.27.jar;D:\apache-maven-3.6.3-bin\apache-maven-3.6.3\repository\org\apache\httpcomponents\httpclient\4.5.3\httpclient-4.5.3.jar;D:\apache-maven-3.6.3-bin\apache-maven-3.6.3\repository\org\apache\httpcomponents\httpcore\4.4.6\httpcore-4.4.6.jar;D:\apache-maven-3.6.3-bin\apache-maven-3.6.3\repository\org\apache\httpcomponents\httpmime\4.5.3\httpmime-4.5.3.jar;D:\apache-maven-3.6.3-bin\apache-maven-3.6.3\repository\net\jcip\jcip-annotations\1.0\jcip-annotations-1.0.jar;D:\apache-maven-3.6.3-bin\apache-maven-3.6.3\repository\org\seleniumhq\selenium\jetty-repacked\9.4.5.v20170502\jetty-repacked-9.4.5.v20170502.jar;D:\apache-maven-3.6.3-bin\apache-maven-3.6.3\repository\org\eclipse\jetty\jetty-client\9.4.5.v20170502\jetty-client-9.4.5.v20170502.jar;D:\apache-maven-3.6.3-bin\apache-maven-3.6.3\repository\org\eclipse\jetty\jetty-http\9.4.5.v20170502\jetty-http-9.4.5.v20170502.jar;D:\apache-maven-3.6.3-bin\apache-maven-3.6.3\repository\org\eclipse\jetty\jetty-io\9.4.5.v20170502\jetty-io-9.4.5.v20170502.jar;D:\apache-maven-3.6.3-bin\apache-maven-3.6.3\repository\org\eclipse\jetty\jetty-util\9.4.5.v20170502\jetty-util-9.4.5.v20170502.jar;D:\apache-maven-3.6.3-bin\apache-maven-3.6.3\repository\net\java\dev\jna\jna\4.1.0\jna-4.1.0.jar;D:\apache-maven-3.6.3-bin\apache-maven-3.6.3\repository\net\java\dev\jna\jna-platform\4.1.0\jna-platform-4.1.0.jar;D:\apache-maven-3.6.3-bin\apache-maven-3.6.3\repository\com\codeborne\phantomjsdriver\1.4.0\phantomjsdriver-1.4.0.jar;D:\apache-maven-3.6.3-bin\apache-maven-3.6.3\repository\org\seleniumhq\selenium\htmlunit-driver\2.27\htmlunit-driver-2.27.jar;D:\apache-maven-3.6.3-bin\apache-maven-3.6.3\repository\javax\servlet\javax.servlet-api\3.1.0\javax.servlet-api-3.1.0.jar;D:\apache-maven-3.6.3-bin\apache-maven-3.6.3\repository\org\eclipse\jetty\websocket\websocket-api\9.4.5.v20170502\websocket-api-9.4.5.v20170502.jar;D:\apache-maven-3.6.3-bin\apache-maven-3.6.3\repository\org\eclipse\jetty\websocket\websocket-client\9.4.5.v20170502\websocket-client-9.4.5.v20170502.jar;D:\apache-maven-3.6.3-bin\apache-maven-3.6.3\repository\org\eclipse\jetty\websocket\websocket-common\9.4.5.v20170502\websocket-common-9.4.5.v20170502.jar;D:\apache-maven-3.6.3-bin\apache-maven-3.6.3\repository\xalan\serializer\2.7.2\serializer-2.7.2.jar;D:\apache-maven-3.6.3-bin\apache-maven-3.6.3\repository\xalan\xalan\2.7.2\xalan-2.7.2.jar;D:\apache-maven-3.6.3-bin\apache-maven-3.6.3\repository\xerces\xercesImpl\2.11.0\xercesImpl-2.11.0.jar;D:\apache-maven-3.6.3-bin\apache-maven-3.6.3\repository\xml-apis\xml-apis\1.4.01\xml-apis-1.4.01.jar;D:\apache-maven-3.6.3-bin\apache-maven-3.6.3\repository\org\yaml\snakeyaml\1.15\snakeyaml-1.15.jar;D:\apache-maven-3.6.3-bin\apache-maven-3.6.3\repository\io\qameta\allure\allure-maven\2.8\allure-maven-2.8.jar;D:\apache-maven-3.6.3-bin\apache-maven-3.6.3\repository\org\slf4j\slf4j-api\1.7.25\slf4j-api-1.7.25.jar;D:\apache-maven-3.6.3-bin\apache-maven-3.6.3\repository\org\apache\maven\maven-core\3.3.9\maven-core-3.3.9.jar;D:\apache-maven-3.6.3-bin\apache-maven-3.6.3\repository\org\apache\maven\maven-model\3.3.9\maven-model-3.3.9.jar;D:\apache-maven-3.6.3-bin\apache-maven-3.6.3\repository\org\apache\maven\maven-settings\3.3.9\maven-settings-3.3.9.jar;D:\apache-maven-3.6.3-bin\apache-maven-3.6.3\repository\org\apache\maven\maven-settings-builder\3.3.9\maven-settings-builder-3.3.9.jar;D:\apache-maven-3.6.3-bin\apache-maven-3.6.3\repository\org\apache\maven\maven-builder-support\3.3.9\maven-builder-support-3.3.9.jar;D:\apache-maven-3.6.3-bin\apache-maven-3.6.3\repository\org\apache\maven\maven-repository-metadata\3.3.9\maven-repository-metadata-3.3.9.jar;D:\apache-maven-3.6.3-bin\apache-maven-3.6.3\repository\org\apache\maven\maven-artifact\3.3.9\maven-artifact-3.3.9.jar;D:\apache-maven-3.6.3-bin\apache-maven-3.6.3\repository\org\apache\maven\maven-plugin-api\3.3.9\maven-plugin-api-3.3.9.jar;D:\apache-maven-3.6.3-bin\apache-maven-3.6.3\repository\org\apache\maven\maven-model-builder\3.3.9\maven-model-builder-3.3.9.jar;D:\apache-maven-3.6.3-bin\apache-maven-3.6.3\repository\org\apache\maven\maven-aether-provider\3.3.9\maven-aether-provider-3.3.9.jar;D:\apache-maven-3.6.3-bin\apache-maven-3.6.3\repository\org\eclipse\aether\aether-spi\1.0.2.v20150114\aether-spi-1.0.2.v20150114.jar;D:\apache-maven-3.6.3-bin\apache-maven-3.6.3\repository\org\eclipse\aether\aether-impl\1.0.2.v20150114\aether-impl-1.0.2.v20150114.jar;D:\apache-maven-3.6.3-bin\apache-maven-3.6.3\repository\org\eclipse\aether\aether-api\1.0.2.v20150114\aether-api-1.0.2.v20150114.jar;D:\apache-maven-3.6.3-bin\apache-maven-3.6.3\repository\org\eclipse\aether\aether-util\1.0.2.v20150114\aether-util-1.0.2.v20150114.jar;D:\apache-maven-3.6.3-bin\apache-maven-3.6.3\repository\org\eclipse\sisu\org.eclipse.sisu.plexus\0.3.2\org.eclipse.sisu.plexus-0.3.2.jar;D:\apache-maven-3.6.3-bin\apache-maven-3.6.3\repository\javax\enterprise\cdi-api\1.0\cdi-api-1.0.jar;D:\apache-maven-3.6.3-bin\apache-maven-3.6.3\repository\javax\annotation\jsr250-api\1.0\jsr250-api-1.0.jar;D:\apache-maven-3.6.3-bin\apache-maven-3.6.3\repository\org\eclipse\sisu\org.eclipse.sisu.inject\0.3.2\org.eclipse.sisu.inject-0.3.2.jar;D:\apache-maven-3.6.3-bin\apache-maven-3.6.3\repository\com\google\inject\guice\4.0\guice-4.0-no_aop.jar;D:\apache-maven-3.6.3-bin\apache-maven-3.6.3\repository\javax\inject\javax.inject\1\javax.inject-1.jar;D:\apache-maven-3.6.3-bin\apache-maven-3.6.3\repository\aopalliance\aopalliance\1.0\aopalliance-1.0.jar;D:\apache-maven-3.6.3-bin\apache-maven-3.6.3\repository\org\codehaus\plexus\plexus-interpolation\1.21\plexus-interpolation-1.21.jar;D:\apache-maven-3.6.3-bin\apache-maven-3.6.3\repository\org\codehaus\plexus\plexus-utils\3.0.22\plexus-utils-3.0.22.jar;D:\apache-maven-3.6.3-bin\apache-maven-3.6.3\repository\org\codehaus\plexus\plexus-classworlds\2.5.2\plexus-classworlds-2.5.2.jar;D:\apache-maven-3.6.3-bin\apache-maven-3.6.3\repository\org\codehaus\plexus\plexus-component-annotations\1.6\plexus-component-annotations-1.6.jar;D:\apache-maven-3.6.3-bin\apache-maven-3.6.3\repository\org\sonatype\plexus\plexus-sec-dispatcher\1.3\plexus-sec-dispatcher-1.3.jar;D:\apache-maven-3.6.3-bin\apache-maven-3.6.3\repository\org\sonatype\plexus\plexus-cipher\1.4\plexus-cipher-1.4.jar;D:\apache-maven-3.6.3-bin\apache-maven-3.6.3\repository\org\apache\maven\reporting\maven-reporting-impl\2.4\maven-reporting-impl-2.4.jar;D:\apache-maven-3.6.3-bin\apache-maven-3.6.3\repository\org\apache\maven\reporting\maven-reporting-api\3.0\maven-reporting-api-3.0.jar;D:\apache-maven-3.6.3-bin\apache-maven-3.6.3\repository\org\apache\maven\maven-project\2.2.1\maven-project-2.2.1.jar;D:\apache-maven-3.6.3-bin\apache-maven-3.6.3\repository\org\apache\maven\maven-profile\2.2.1\maven-profile-2.2.1.jar;D:\apache-maven-3.6.3-bin\apache-maven-3.6.3\repository\org\apache\maven\maven-artifact-manager\2.2.1\maven-artifact-manager-2.2.1.jar;D:\apache-maven-3.6.3-bin\apache-maven-3.6.3\repository\backport-util-concurrent\backport-util-concurrent\3.1\backport-util-concurrent-3.1.jar;D:\apache-maven-3.6.3-bin\apache-maven-3.6.3\repository\org\apache\maven\maven-plugin-registry\2.2.1\maven-plugin-registry-2.2.1.jar;D:\apache-maven-3.6.3-bin\apache-maven-3.6.3\repository\org\codehaus\plexus\plexus-container-default\1.0-alpha-9-stable-1\plexus-container-default-1.0-alpha-9-stable-1.jar;D:\apache-maven-3.6.3-bin\apache-maven-3.6.3\repository\classworlds\classworlds\1.1-alpha-2\classworlds-1.1-alpha-2.jar;D:\apache-maven-3.6.3-bin\apache-maven-3.6.3\repository\org\apache\maven\shared\maven-shared-utils\0.6\maven-shared-utils-0.6.jar;D:\apache-maven-3.6.3-bin\apache-maven-3.6.3\repository\org\apache\maven\doxia\doxia-sink-api\1.6\doxia-sink-api-1.6.jar;D:\apache-maven-3.6.3-bin\apache-maven-3.6.3\repository\org\apache\maven\doxia\doxia-logging-api\1.6\doxia-logging-api-1.6.jar;D:\apache-maven-3.6.3-bin\apache-maven-3.6.3\repository\org\apache\maven\doxia\doxia-core\1.6\doxia-core-1.6.jar;D:\apache-maven-3.6.3-bin\apache-maven-3.6.3\repository\commons-lang\commons-lang\2.4\commons-lang-2.4.jar;D:\apache-maven-3.6.3-bin\apache-maven-3.6.3\repository\xmlunit\xmlunit\1.5\xmlunit-1.5.jar;D:\apache-maven-3.6.3-bin\apache-maven-3.6.3\repository\org\apache\maven\doxia\doxia-site-renderer\1.6\doxia-site-renderer-1.6.jar;D:\apache-maven-3.6.3-bin\apache-maven-3.6.3\repository\org\apache\maven\doxia\doxia-decoration-model\1.6\doxia-decoration-model-1.6.jar;D:\apache-maven-3.6.3-bin\apache-maven-3.6.3\repository\org\apache\maven\doxia\doxia-module-xhtml\1.6\doxia-module-xhtml-1.6.jar;D:\apache-maven-3.6.3-bin\apache-maven-3.6.3\repository\org\apache\maven\doxia\doxia-module-fml\1.6\doxia-module-fml-1.6.jar;D:\apache-maven-3.6.3-bin\apache-maven-3.6.3\repository\org\codehaus\plexus\plexus-i18n\1.0-beta-7\plexus-i18n-1.0-beta-7.jar;D:\apache-maven-3.6.3-bin\apache-maven-3.6.3\repository\org\codehaus\plexus\plexus-velocity\1.1.7\plexus-velocity-1.1.7.jar;D:\apache-maven-3.6.3-bin\apache-maven-3.6.3\repository\org\apache\velocity\velocity-tools\2.0\velocity-tools-2.0.jar;D:\apache-maven-3.6.3-bin\apache-maven-3.6.3\repository\commons-chain\commons-chain\1.1\commons-chain-1.1.jar;D:\apache-maven-3.6.3-bin\apache-maven-3.6.3\repository\dom4j\dom4j\1.1\dom4j-1.1.jar;D:\apache-maven-3.6.3-bin\apache-maven-3.6.3\repository\sslext\sslext\1.2-0\sslext-1.2-0.jar;D:\apache-maven-3.6.3-bin\apache-maven-3.6.3\repository\org\apache\struts\struts-core\1.3.8\struts-core-1.3.8.jar;D:\apache-maven-3.6.3-bin\apache-maven-3.6.3\repository\antlr\antlr\2.7.2\antlr-2.7.2.jar;D:\apache-maven-3.6.3-bin\apache-maven-3.6.3\repository\org\apache\struts\struts-taglib\1.3.8\struts-taglib-1.3.8.jar;D:\apache-maven-3.6.3-bin\apache-maven-3.6.3\repository\org\apache\struts\struts-tiles\1.3.8\struts-tiles-1.3.8.jar;D:\apache-maven-3.6.3-bin\apache-maven-3.6.3\repository\commons-validator\commons-validator\1.4.1\commons-validator-1.4.1.jar;D:\apache-maven-3.6.3-bin\apache-maven-3.6.3\repository\commons-digester\commons-digester\1.8.1\commons-digester-1.8.1.jar;D:\apache-maven-3.6.3-bin\apache-maven-3.6.3\repository\commons-beanutils\commons-beanutils\1.9.3\commons-beanutils-1.9.3.jar;D:\apache-maven-3.6.3-bin\apache-maven-3.6.3\repository\commons-collections\commons-collections\3.2.2\commons-collections-3.2.2.jar;D:\apache-maven-3.6.3-bin\apache-maven-3.6.3\repository\net\lingala\zip4j\zip4j\1.3.2\zip4j-1.3.2.jar;D:\apache-maven-3.6.3-bin\apache-maven-3.6.3\repository\org\apache\maven\plugin-tools\maven-plugin-annotations\3.2\maven-plugin-annotations-3.2.jar;D:\apache-maven-3.6.3-bin\apache-maven-3.6.3\repository\org\apache\maven\plugins\maven-jxr-plugin\2.5\maven-jxr-plugin-2.5.jar;D:\apache-maven-3.6.3-bin\apache-maven-3.6.3\repository\org\apache\velocity\velocity\1.5\velocity-1.5.jar;D:\apache-maven-3.6.3-bin\apache-maven-3.6.3\repository\oro\oro\2.0.8\oro-2.0.8.jar;D:\apache-maven-3.6.3-bin\apache-maven-3.6.3\repository\org\apache\maven\maven-jxr\2.5\maven-jxr-2.5.jar;D:\apache-maven-3.6.3-bin\apache-maven-3.6.3\repository\org\apache\maven\wagon\wagon-provider-api\1.0\wagon-provider-api-1.0.jar;D:\apache-maven-3.6.3-bin\apache-maven-3.6.3\repository\io\qameta\allure\allure-testng\2.12.0\allure-testng-2.12.0.jar;D:\apache-maven-3.6.3-bin\apache-maven-3.6.3\repository\io\qameta\allure\allure-java-commons\2.12.0\allure-java-commons-2.12.0.jar;D:\apache-maven-3.6.3-bin\apache-maven-3.6.3\repository\io\qameta\allure\allure-model\2.12.0\allure-model-2.12.0.jar;D:\apache-maven-3.6.3-bin\apache-maven-3.6.3\repository\com\fasterxml\jackson\core\jackson-databind\2.9.8\jackson-databind-2.9.8.jar;D:\apache-maven-3.6.3-bin\apache-maven-3.6.3\repository\com\fasterxml\jackson\core\jackson-annotations\2.9.0\jackson-annotations-2.9.0.jar;D:\apache-maven-3.6.3-bin\apache-maven-3.6.3\repository\com\fasterxml\jackson\core\jackson-core\2.9.8\jackson-core-2.9.8.jar;D:\apache-maven-3.6.3-bin\apache-maven-3.6.3\repository\org\apache\tika\tika-core\1.20\tika-core-1.20.jar;D:\apache-maven-3.6.3-bin\apache-maven-3.6.3\repository\org\jooq\joor-java-8\0.9.10\joor-java-8-0.9.10.jar;D:\apache-maven-3.6.3-bin\apache-maven-3.6.3\repository\javax\validation\validation-api\1.1.0.Final\validation-api-1.1.0.Final.jar;D:\apache-maven-3.6.3-bin\apache-maven-3.6.3\repository\io\github\bonigarcia\webdrivermanager\3.7.1\webdrivermanager-3.7.1.jar;D:\apache-maven-3.6.3-bin\apache-maven-3.6.3\repository\org\rauschig\jarchivelib\1.0.0\jarchivelib-1.0.0.jar;D:\apache-maven-3.6.3-bin\apache-maven-3.6.3\repository\org\apache\commons\commons-compress\1.18\commons-compress-1.18.jar;D:\apache-maven-3.6.3-bin\apache-maven-3.6.3\repository\org\jsoup\jsoup\1.11.3\jsoup-1.11.3.jar;D:\apache-maven-3.6.3-bin\apache-maven-3.6.3\repository\io\qameta\allure\allure-cucumber4-jvm\2.13.2\allure-cucumber4-jvm-2.13.2.jar;D:\apache-maven-3.6.3-bin\apache-maven-3.6.3\repository\io\cucumber\cucumber-core\4.7.2\cucumber-core-4.7.2.jar;D:\apache-maven-3.6.3-bin\apache-maven-3.6.3\repository\io\cucumber\gherkin\5.1.0\gherkin-5.1.0.jar;D:\apache-maven-3.6.3-bin\apache-maven-3.6.3\repository\io\cucumber\tag-expressions\1.1.1\tag-expressions-1.1.1.jar;D:\apache-maven-3.6.3-bin\apache-maven-3.6.3\repository\io\cucumber\cucumber-expressions\7.0.2\cucumber-expressions-7.0.2.jar;D:\apache-maven-3.6.3-bin\apache-maven-3.6.3\repository\io\cucumber\datatable\1.1.14\datatable-1.1.14.jar;D:\apache-maven-3.6.3-bin\apache-maven-3.6.3\repository\io\cucumber\datatable-dependencies\1.1.14\datatable-dependencies-1.1.14.jar;D:\apache-maven-3.6.3-bin\apache-maven-3.6.3\repository\org\apiguardian\apiguardian-api\1.1.0\apiguardian-api-1.1.0.jar;D:\apache-maven-3.6.3-bin\apache-maven-3.6.3\repository\io\cucumber\cucumber-java\4.7.2\cucumber-java-4.7.2.jar;D:\apache-maven-3.6.3-bin\apache-maven-3.6.3\repository\org\testng\testng\6.14.3\testng-6.14.3.jar;D:\apache-maven-3.6.3-bin\apache-maven-3.6.3\repository\org\apache-extras\beanshell\bsh\2.0b6\bsh-2.0b6.jar;D:\apache-maven-3.6.3-bin\apache-maven-3.6.3\repository\junit\junit\3.8.1\junit-3.8.1.jar;"/>
    <property name="sun.cpu.endian" value="little"/>
    <property name="user.home" value="C:\Users\admin"/>
    <property name="user.language" value="en"/>
    <property name="java.specification.vendor" value="Oracle Corporation"/>
    <property name="java.home" value="C:\Program Files\Java\jdk1.8.0_251\jre"/>
    <property name="basedir" value="D:\TestProject_1\TestProject_1"/>
    <property name="file.separator" value="\"/>
    <property name="line.separator" value="&#10;"/>
    <property name="java.vm.specification.vendor" value="Oracle Corporation"/>
    <property name="java.specification.name" value="Java Platform API Specification"/>
    <property name="java.awt.graphicsenv" value="sun.awt.Win32GraphicsEnvironment"/>
    <property name="surefire.real.class.path" value="C:\Users\admin\AppData\Local\Temp\surefire5058281303715086129\surefirebooter3541925132240863331.jar"/>
    <property name="sun.boot.class.path" value="C:\Program Files\Java\jdk1.8.0_251\jre\lib\resources.jar;C:\Program Files\Java\jdk1.8.0_251\jre\lib\rt.jar;C:\Program Files\Java\jdk1.8.0_251\jre\lib\sunrsasign.jar;C:\Program Files\Java\jdk1.8.0_251\jre\lib\jsse.jar;C:\Program Files\Java\jdk1.8.0_251\jre\lib\jce.jar;C:\Program Files\Java\jdk1.8.0_251\jre\lib\charsets.jar;C:\Program Files\Java\jdk1.8.0_251\jre\lib\jfr.jar;C:\Program Files\Java\jdk1.8.0_251\jre\classes"/>
    <property name="user.script" value=""/>
    <property name="sun.management.compiler" value="HotSpot Client Compiler"/>
    <property name="java.runtime.version" value="1.8.0_251-b08"/>
    <property name="user.name" value="admin"/>
    <property name="path.separator" value=";"/>
    <property name="os.version" value="6.1"/>
    <property name="java.endorsed.dirs" value="C:\Program Files\Java\jdk1.8.0_251\jre\lib\endorsed"/>
    <property name="java.runtime.name" value="Java(TM) SE Runtime Environment"/>
    <property name="file.encoding" value="Cp1252"/>
    <property name="java.vm.name" value="Java HotSpot(TM) Client VM"/>
    <property name="localRepository" value="D:\apache-maven-3.6.3-bin\apache-maven-3.6.3\repository"/>
    <property name="java.vendor.url.bug" value="http://bugreport.sun.com/bugreport/"/>
    <property name="java.io.tmpdir" value="C:\Users\admin\AppData\Local\Temp\"/>
    <property name="java.version" value="1.8.0_251"/>
    <property name="user.dir" value="D:\TestProject_1\TestProject_1"/>
    <property name="os.arch" value="x86"/>
    <property name="java.vm.specification.name" value="Java Virtual Machine Specification"/>
    <property name="java.awt.printerjob" value="sun.awt.windows.WPrinterJob"/>
    <property name="sun.os.patch.level" value=""/>
    <property name="java.library.path" value="C:\Program Files\Java\jdk1.8.0_251\jre\bin;C:\Windows\Sun\Java\bin;C:\Windows\system32;C:\Windows;C:\Program Files\Common Files\Oracle\Java\javapath;C:\ProgramData\Oracle\Java\javapath;C:\Windows\system32;C:\Windows;C:\Windows\System32\Wbem;C:\Windows\System32\WindowsPowerShell\v1.0\;C:\Python27;C:\Python27\Scripts;C:\Program Files\Git\cmd;C:\Program Files\Java\jdk1.8.0_251\bin;D:\apache-maven-3.6.3-bin\apache-maven-3.6.3\bin\bin;D:\apache-maven-3.6.3-bin\apache-maven-3.6.3\bin;D:\allure-commandline-2.8.1\allure-2.8.1\bin;."/>
    <property name="java.vm.info" value="mixed mode, sharing"/>
    <property name="java.vendor" value="Oracle Corporation"/>
    <property name="java.vm.version" value="25.251-b08"/>
    <property name="java.ext.dirs" value="C:\Program Files\Java\jdk1.8.0_251\jre\lib\ext;C:\Windows\Sun\Java\lib\ext"/>
    <property name="sun.io.unicode.encoding" value="UnicodeLittle"/>
    <property name="java.class.version" value="52.0"/>
  </properties>
  <testcase name="FTest" classname="COM.TestProject.FirstTest" time="0.428"/>
  <testcase name="STest" classname="COM.TestProject.SecondTest" time="0.232">
    <failure message="no such element: Unable to locate element: {&quot;method&quot;:&quot;css selector&quot;,&quot;selector&quot;:&quot;*[name=&apos;q11221&apos;]&quot;}&#10;  (Session info: chrome=83.0.4103.61)&#10;For documentation on this error, please visit: http://seleniumhq.org/exceptions/no_such_element.html&#10;Build info: version: &apos;3.5.3&apos;, revision: &apos;a88d25fe6b&apos;, time: &apos;2017-08-29T12:42:44.417Z&apos;&#10;System info: host: &apos;ADMIN-PC&apos;, ip: &apos;192.168.43.95&apos;, os.name: &apos;Windows 7&apos;, os.arch: &apos;x86&apos;, os.version: &apos;6.1&apos;, java.version: &apos;1.8.0_251&apos;&#10;Driver info: org.openqa.selenium.chrome.ChromeDriver&#10;Capabilities [{networkConnectionEnabled=false, chrome={chromedriverVersion=83.0.4103.39 (ccbf011cb2d2b19b506d844400483861342c20cd-refs/branch-heads/4103@{#416}), userDataDir=C:\Users\admin\AppData\Local\Temp\scoped_dir4976_780081734}, timeouts={implicit=0, pageLoad=300000, script=30000}, pageLoadStrategy=normal, unhandledPromptBehavior=dismiss and notify, strictFileInteractability=false, platform=XP, proxy=Proxy(), goog:chromeOptions={debuggerAddress=localhost:54434}, acceptInsecureCerts=false, browserVersion=83.0.4103.61, browserName=chrome, javascriptEnabled=true, platformName=XP, setWindowRect=true, webauthn:virtualAuthenticators=true}]&#10;Session ID: d9390c4163ba861f44b4a4324f7af8fb&#10;*** Element info: {Using=name, value=q11221}" type="org.openqa.selenium.NoSuchElementException"><![CDATA[org.openqa.selenium.NoSuchElementException: 
no such element: Unable to locate element: {"method":"css selector","selector":"*[name='q11221']"}
  (Session info: chrome=83.0.4103.61)
For documentation on this error, please visit: http://seleniumhq.org/exceptions/no_such_element.html
Build info: version: '3.5.3', revision: 'a88d25fe6b', time: '2017-08-29T12:42:44.417Z'
System info: host: 'ADMIN-PC', ip: '192.168.43.95', os.name: 'Windows 7', os.arch: 'x86', os.version: '6.1', java.version: '1.8.0_251'
Driver info: org.openqa.selenium.chrome.ChromeDriver
Capabilities [{networkConnectionEnabled=false, chrome={chromedriverVersion=83.0.4103.39 (ccbf011cb2d2b19b506d844400483861342c20cd-refs/branch-heads/4103@{#416}), userDataDir=C:\Users\admin\AppData\Local\Temp\scoped_dir4976_780081734}, timeouts={implicit=0, pageLoad=300000, script=30000}, pageLoadStrategy=normal, unhandledPromptBehavior=dismiss and notify, strictFileInteractability=false, platform=XP, proxy=Proxy(), goog:chromeOptions={debuggerAddress=localhost:54434}, acceptInsecureCerts=false, browserVersion=83.0.4103.61, browserName=chrome, javascriptEnabled=true, platformName=XP, setWindowRect=true, webauthn:virtualAuthenticators=true}]
Session ID: d9390c4163ba861f44b4a4324f7af8fb
*** Element info: {Using=name, value=q11221}
	at COM.TestProject.SecondTest.STest(SecondTest.java:19)
]]></failure>
    <system-err><![CDATA[ChromeDriver was started successfully.
Jun 05, 2020 2:37:26 PM org.openqa.selenium.remote.ProtocolHandshake createSession
INFO: Detected dialect: W3C
]]></system-err>
  </testcase>
</testsuite>