<?xml version="1.0" encoding="UTF-8"?>
<!-- Generated by org.testng.reporters.JUnitReportReporter -->
<testsuite skipped="0" hostname="admin-PC" name="COM.TestProject.FirstTest" tests="1" failures="0" timestamp="05 Jun 2020 07:43:51 GMT" time="0.207" errors="0">
  <testcase name="FTest" time="0.207" classname="COM.TestProject.FirstTest"/>
</testsuite> <!-- COM.TestProject.FirstTest -->
