<?xml version="1.0" encoding="UTF-8"?>
<!-- Generated by org.testng.reporters.JUnitReportReporter -->
<testsuite skipped="0" hostname="admin-PC" name="COM.TestProject.FirstTest" tests="1" failures="0" timestamp="02 Jun 2020 09:55:15 GMT" time="14.763" errors="0">
  <testcase name="FTest" time="14.763" classname="COM.TestProject.FirstTest"/>
</testsuite> <!-- COM.TestProject.FirstTest -->
